<?xml version="1.0" encoding="UTF-8" ?>
<testsuites errors="7"
            failures="1"
            tests="2">

  <testsuite name="TestCreateOffer"
    errors="7" failures="1" hostname="" id="" package="TestCreateOffer" skipped="0"
    tests="2" time="47.18" timestamp="Thu, 13 Sep 2018 12:14:25 GMT">
  
    <testcase name="authorize" classname="TestCreateOffer" time="8.164" assertions="2">

    

    
    </testcase>
  
    <testcase name="test create offer" classname="TestCreateOffer" time="39.02" assertions="10">

    

      <failure message="Testing if element &lt;.error&gt; contains text: &#34;The name of the offer should be less than XXX symbols&#34;. Element could not be located.">    at Object.testCreateOffer [as test create offer] (/home/evg/Desktop/demo_alehub_wallet/test/e2e/specs/tests/TestCreateOffer.js:34:19)
    at _combinedTickCallback (internal/process/next_tick.js:131:7)</failure>

      <failure message="Testing if element &lt;.error&gt; contains text: &#34;You can&#39;t create offer without description&#34;. Element could not be located.">    at Object.testCreateOffer [as test create offer] (/home/evg/Desktop/demo_alehub_wallet/test/e2e/specs/tests/TestCreateOffer.js:40:19)
    at _combinedTickCallback (internal/process/next_tick.js:131:7)</failure>

    

      <failure message="Testing if element &lt;.error&gt; contains text: &#34;The Final Date can&#39;t be before Start Date&#34;. Element could not be located.">    at Object.testCreateOffer [as test create offer] (/home/evg/Desktop/demo_alehub_wallet/test/e2e/specs/tests/TestCreateOffer.js:49:19)
    at _combinedTickCallback (internal/process/next_tick.js:131:7)</failure>

      <failure message="Testing if element &lt;.error&gt; contains text: &#34;Offer Price can&#39;t be empty&#34;. Element could not be located.">    at Object.testCreateOffer [as test create offer] (/home/evg/Desktop/demo_alehub_wallet/test/e2e/specs/tests/TestCreateOffer.js:56:19)
    at _combinedTickCallback (internal/process/next_tick.js:131:7)</failure>

      <failure message="Testing if element &lt;.error&gt; contains text: &#34;Offer Price must be more than 0&#34;. Element could not be located.">    at Object.testCreateOffer [as test create offer] (/home/evg/Desktop/demo_alehub_wallet/test/e2e/specs/tests/TestCreateOffer.js:61:19)
    at _combinedTickCallback (internal/process/next_tick.js:131:7)</failure>

      <failure message="Testing if element &lt;.error&gt; contains text: &#34;Offer Price must be more than 0&#34;. Element could not be located.">    at Object.testCreateOffer [as test create offer] (/home/evg/Desktop/demo_alehub_wallet/test/e2e/specs/tests/TestCreateOffer.js:64:19)
    at _combinedTickCallback (internal/process/next_tick.js:131:7)</failure>

      <failure message="Testing if element &lt;.success&gt; contains text: &#34;New Offer successfuly crete&#34;. Element could not be located.">    at Object.testCreateOffer [as test create offer] (/home/evg/Desktop/demo_alehub_wallet/test/e2e/specs/tests/TestCreateOffer.js:67:19)
    at _combinedTickCallback (internal/process/next_tick.js:131:7)</failure>

    
    </testcase>
  

  
    <system-err>
      ERROR: Unable to locate element: &#34;.error&#34; using: css selector
    at F.command (/home/evg/Desktop/demo_alehub_wallet/node_modules/nightwatch/lib/api/assertions/containsText.js:46:21)
    at F.module.exports.BaseAssertion._scheduleAssertion (/home/evg/Desktop/demo_alehub_wallet/node_modules/nightwatch/lib/core/assertion.js:87:17)
    at F.module.exports.BaseAssertion._executeCommand (/home/evg/Desktop/demo_alehub_wallet/node_modules/nightwatch/lib/core/assertion.js:82:17)
    at AssertionInstance.commandFn [as _commandFn] (/home/evg/Desktop/demo_alehub_wallet/node_modules/nightwatch/lib/core/assertion.js:180:21)
    at AsyncTree.runCommand (/home/evg/Desktop/demo_alehub_wallet/node_modules/nightwatch/lib/core/queue.js:154:30)
    at AsyncTree.runChildNode (/home/evg/Desktop/demo_alehub_wallet/node_modules/nightwatch/lib/core/queue.js:114:8)
    at AsyncTree.walkDown (/home/evg/Desktop/demo_alehub_wallet/node_modules/nightwatch/lib/core/queue.js:80:10)
    at AsyncTree.walkUp (/home/evg/Desktop/demo_alehub_wallet/node_modules/nightwatch/lib/core/queue.js:97:8)
    at AsyncTree.walkDown (/home/evg/Desktop/demo_alehub_wallet/node_modules/nightwatch/lib/core/queue.js:90:12)
    at AsyncTree.traverse (/home/evg/Desktop/demo_alehub_wallet/node_modules/nightwatch/lib/core/queue.js:73:8)
ERROR: Unable to locate element: &#34;.error&#34; using: css selector
    at F.command (/home/evg/Desktop/demo_alehub_wallet/node_modules/nightwatch/lib/api/assertions/containsText.js:46:21)
    at F.module.exports.BaseAssertion._scheduleAssertion (/home/evg/Desktop/demo_alehub_wallet/node_modules/nightwatch/lib/core/assertion.js:87:17)
    at F.module.exports.BaseAssertion._executeCommand (/home/evg/Desktop/demo_alehub_wallet/node_modules/nightwatch/lib/core/assertion.js:82:17)
    at AssertionInstance.commandFn [as _commandFn] (/home/evg/Desktop/demo_alehub_wallet/node_modules/nightwatch/lib/core/assertion.js:180:21)
    at AsyncTree.runCommand (/home/evg/Desktop/demo_alehub_wallet/node_modules/nightwatch/lib/core/queue.js:154:30)
    at AsyncTree.runChildNode (/home/evg/Desktop/demo_alehub_wallet/node_modules/nightwatch/lib/core/queue.js:114:8)
    at AsyncTree.walkDown (/home/evg/Desktop/demo_alehub_wallet/node_modules/nightwatch/lib/core/queue.js:80:10)
    at AsyncTree.walkUp (/home/evg/Desktop/demo_alehub_wallet/node_modules/nightwatch/lib/core/queue.js:97:8)
    at AsyncTree.walkDown (/home/evg/Desktop/demo_alehub_wallet/node_modules/nightwatch/lib/core/queue.js:90:12)
    at AsyncTree.traverse (/home/evg/Desktop/demo_alehub_wallet/node_modules/nightwatch/lib/core/queue.js:73:8)
ERROR: Unable to locate element: &#34;.error&#34; using: css selector
    at F.command (/home/evg/Desktop/demo_alehub_wallet/node_modules/nightwatch/lib/api/assertions/containsText.js:46:21)
    at F.module.exports.BaseAssertion._scheduleAssertion (/home/evg/Desktop/demo_alehub_wallet/node_modules/nightwatch/lib/core/assertion.js:87:17)
    at F.module.exports.BaseAssertion._executeCommand (/home/evg/Desktop/demo_alehub_wallet/node_modules/nightwatch/lib/core/assertion.js:82:17)
    at AssertionInstance.commandFn [as _commandFn] (/home/evg/Desktop/demo_alehub_wallet/node_modules/nightwatch/lib/core/assertion.js:180:21)
    at AsyncTree.runCommand (/home/evg/Desktop/demo_alehub_wallet/node_modules/nightwatch/lib/core/queue.js:154:30)
    at AsyncTree.runChildNode (/home/evg/Desktop/demo_alehub_wallet/node_modules/nightwatch/lib/core/queue.js:114:8)
    at AsyncTree.walkDown (/home/evg/Desktop/demo_alehub_wallet/node_modules/nightwatch/lib/core/queue.js:80:10)
    at AsyncTree.walkUp (/home/evg/Desktop/demo_alehub_wallet/node_modules/nightwatch/lib/core/queue.js:97:8)
    at AsyncTree.walkDown (/home/evg/Desktop/demo_alehub_wallet/node_modules/nightwatch/lib/core/queue.js:90:12)
    at AsyncTree.traverse (/home/evg/Desktop/demo_alehub_wallet/node_modules/nightwatch/lib/core/queue.js:73:8)
ERROR: Unable to locate element: &#34;.error&#34; using: css selector
    at F.command (/home/evg/Desktop/demo_alehub_wallet/node_modules/nightwatch/lib/api/assertions/containsText.js:46:21)
    at F.module.exports.BaseAssertion._scheduleAssertion (/home/evg/Desktop/demo_alehub_wallet/node_modules/nightwatch/lib/core/assertion.js:87:17)
    at F.module.exports.BaseAssertion._executeCommand (/home/evg/Desktop/demo_alehub_wallet/node_modules/nightwatch/lib/core/assertion.js:82:17)
    at AssertionInstance.commandFn [as _commandFn] (/home/evg/Desktop/demo_alehub_wallet/node_modules/nightwatch/lib/core/assertion.js:180:21)
    at AsyncTree.runCommand (/home/evg/Desktop/demo_alehub_wallet/node_modules/nightwatch/lib/core/queue.js:154:30)
    at AsyncTree.runChildNode (/home/evg/Desktop/demo_alehub_wallet/node_modules/nightwatch/lib/core/queue.js:114:8)
    at AsyncTree.walkDown (/home/evg/Desktop/demo_alehub_wallet/node_modules/nightwatch/lib/core/queue.js:80:10)
    at AsyncTree.walkUp (/home/evg/Desktop/demo_alehub_wallet/node_modules/nightwatch/lib/core/queue.js:97:8)
    at AsyncTree.walkDown (/home/evg/Desktop/demo_alehub_wallet/node_modules/nightwatch/lib/core/queue.js:90:12)
    at AsyncTree.traverse (/home/evg/Desktop/demo_alehub_wallet/node_modules/nightwatch/lib/core/queue.js:73:8)
ERROR: Unable to locate element: &#34;.error&#34; using: css selector
    at F.command (/home/evg/Desktop/demo_alehub_wallet/node_modules/nightwatch/lib/api/assertions/containsText.js:46:21)
    at F.module.exports.BaseAssertion._scheduleAssertion (/home/evg/Desktop/demo_alehub_wallet/node_modules/nightwatch/lib/core/assertion.js:87:17)
    at F.module.exports.BaseAssertion._executeCommand (/home/evg/Desktop/demo_alehub_wallet/node_modules/nightwatch/lib/core/assertion.js:82:17)
    at AssertionInstance.commandFn [as _commandFn] (/home/evg/Desktop/demo_alehub_wallet/node_modules/nightwatch/lib/core/assertion.js:180:21)
    at AsyncTree.runCommand (/home/evg/Desktop/demo_alehub_wallet/node_modules/nightwatch/lib/core/queue.js:154:30)
    at AsyncTree.runChildNode (/home/evg/Desktop/demo_alehub_wallet/node_modules/nightwatch/lib/core/queue.js:114:8)
    at AsyncTree.walkDown (/home/evg/Desktop/demo_alehub_wallet/node_modules/nightwatch/lib/core/queue.js:80:10)
    at AsyncTree.walkUp (/home/evg/Desktop/demo_alehub_wallet/node_modules/nightwatch/lib/core/queue.js:97:8)
    at AsyncTree.walkDown (/home/evg/Desktop/demo_alehub_wallet/node_modules/nightwatch/lib/core/queue.js:90:12)
    at AsyncTree.traverse (/home/evg/Desktop/demo_alehub_wallet/node_modules/nightwatch/lib/core/queue.js:73:8)
ERROR: Unable to locate element: &#34;.error&#34; using: css selector
    at F.command (/home/evg/Desktop/demo_alehub_wallet/node_modules/nightwatch/lib/api/assertions/containsText.js:46:21)
    at F.module.exports.BaseAssertion._scheduleAssertion (/home/evg/Desktop/demo_alehub_wallet/node_modules/nightwatch/lib/core/assertion.js:87:17)
    at F.module.exports.BaseAssertion._executeCommand (/home/evg/Desktop/demo_alehub_wallet/node_modules/nightwatch/lib/core/assertion.js:82:17)
    at AssertionInstance.commandFn [as _commandFn] (/home/evg/Desktop/demo_alehub_wallet/node_modules/nightwatch/lib/core/assertion.js:180:21)
    at AsyncTree.runCommand (/home/evg/Desktop/demo_alehub_wallet/node_modules/nightwatch/lib/core/queue.js:154:30)
    at AsyncTree.runChildNode (/home/evg/Desktop/demo_alehub_wallet/node_modules/nightwatch/lib/core/queue.js:114:8)
    at AsyncTree.walkDown (/home/evg/Desktop/demo_alehub_wallet/node_modules/nightwatch/lib/core/queue.js:80:10)
    at AsyncTree.walkUp (/home/evg/Desktop/demo_alehub_wallet/node_modules/nightwatch/lib/core/queue.js:97:8)
    at AsyncTree.walkDown (/home/evg/Desktop/demo_alehub_wallet/node_modules/nightwatch/lib/core/queue.js:90:12)
    at AsyncTree.traverse (/home/evg/Desktop/demo_alehub_wallet/node_modules/nightwatch/lib/core/queue.js:73:8)
ERROR: Unable to locate element: &#34;.success&#34; using: css selector
    at F.command (/home/evg/Desktop/demo_alehub_wallet/node_modules/nightwatch/lib/api/assertions/containsText.js:46:21)
    at F.module.exports.BaseAssertion._scheduleAssertion (/home/evg/Desktop/demo_alehub_wallet/node_modules/nightwatch/lib/core/assertion.js:87:17)
    at F.module.exports.BaseAssertion._executeCommand (/home/evg/Desktop/demo_alehub_wallet/node_modules/nightwatch/lib/core/assertion.js:82:17)
    at AssertionInstance.commandFn [as _commandFn] (/home/evg/Desktop/demo_alehub_wallet/node_modules/nightwatch/lib/core/assertion.js:180:21)
    at AsyncTree.runCommand (/home/evg/Desktop/demo_alehub_wallet/node_modules/nightwatch/lib/core/queue.js:154:30)
    at AsyncTree.runChildNode (/home/evg/Desktop/demo_alehub_wallet/node_modules/nightwatch/lib/core/queue.js:114:8)
    at AsyncTree.walkDown (/home/evg/Desktop/demo_alehub_wallet/node_modules/nightwatch/lib/core/queue.js:80:10)
    at AsyncTree.walkUp (/home/evg/Desktop/demo_alehub_wallet/node_modules/nightwatch/lib/core/queue.js:97:8)
    at AsyncTree.walkDown (/home/evg/Desktop/demo_alehub_wallet/node_modules/nightwatch/lib/core/queue.js:90:12)
    at AsyncTree.traverse (/home/evg/Desktop/demo_alehub_wallet/node_modules/nightwatch/lib/core/queue.js:73:8)
    </system-err>
  

  
  </testsuite>
</testsuites>
