<?xml version="1.0" encoding="UTF-8" ?>
<testsuites errors="1"
            failures="2"
            tests="2">

  <testsuite name="TestOwnWallets"
    errors="1" failures="2" hostname="" id="" package="TestOwnWallets" skipped="0"
    tests="2" time="14.92" timestamp="Mon, 30 Jul 2018 14:15:15 GMT">
  
    <testcase name="wallets" classname="TestOwnWallets" time="10.73" assertions="6">

    

      <failure message="Testing if element &lt;.success&gt; contains text: &#34;Autharizathion access!&#34;. Element could not be located.">    at Object.wallets (/home/evg/WebstormProjects/ale-wallet/test/e2e/specs/tests/TestOwnWallets.js:34:17)
    at _combinedTickCallback (internal/process/next_tick.js:131:7)</failure>

    

    

    

    
    </testcase>
  
    <testcase name="here we check wallet logic" classname="TestOwnWallets" time="4.193" assertions="9">

    

    

    

      <failure message="Testing if element &lt;.error&gt; contains text: &#34;You can not send coins to your account&#34;.">    at Object.here we check wallet logic (/home/evg/WebstormProjects/ale-wallet/test/e2e/specs/tests/TestOwnWallets.js:63:21)
    at _combinedTickCallback (internal/process/next_tick.js:131:7)</failure>

    

      <failure message="Testing if element &lt;.error&gt; contains text: &#34;send greater than 0&#34;.">    at Object.here we check wallet logic (/home/evg/WebstormProjects/ale-wallet/test/e2e/specs/tests/TestOwnWallets.js:72:21)
    at _combinedTickCallback (internal/process/next_tick.js:131:7)</failure>

    

      <failure message="Testing if element &lt;.error&gt; contains text: &#34;You cannot send coins to yourself&#34;.">    at Object.here we check wallet logic (/home/evg/WebstormProjects/ale-wallet/test/e2e/specs/tests/TestOwnWallets.js:82:21)
    at _combinedTickCallback (internal/process/next_tick.js:131:7)</failure>

    
    </testcase>
  

  
    <system-err>
      ERROR: Unable to locate element: &#34;.success&#34; using: css selector
    at F.command (/home/evg/WebstormProjects/ale-wallet/node_modules/nightwatch/lib/api/assertions/containsText.js:46:21)
    at F.module.exports.BaseAssertion._scheduleAssertion (/home/evg/WebstormProjects/ale-wallet/node_modules/nightwatch/lib/core/assertion.js:87:17)
    at F.module.exports.BaseAssertion._executeCommand (/home/evg/WebstormProjects/ale-wallet/node_modules/nightwatch/lib/core/assertion.js:82:17)
    at AssertionInstance.commandFn [as _commandFn] (/home/evg/WebstormProjects/ale-wallet/node_modules/nightwatch/lib/core/assertion.js:180:21)
    at AsyncTree.runCommand (/home/evg/WebstormProjects/ale-wallet/node_modules/nightwatch/lib/core/queue.js:154:30)
    at AsyncTree.runChildNode (/home/evg/WebstormProjects/ale-wallet/node_modules/nightwatch/lib/core/queue.js:114:8)
    at AsyncTree.walkDown (/home/evg/WebstormProjects/ale-wallet/node_modules/nightwatch/lib/core/queue.js:80:10)
    at AsyncTree.walkUp (/home/evg/WebstormProjects/ale-wallet/node_modules/nightwatch/lib/core/queue.js:97:8)
    at AsyncTree.walkDown (/home/evg/WebstormProjects/ale-wallet/node_modules/nightwatch/lib/core/queue.js:90:12)
    at AsyncTree.traverse (/home/evg/WebstormProjects/ale-wallet/node_modules/nightwatch/lib/core/queue.js:73:8)
    </system-err>
  

  
  </testsuite>
</testsuites>
